[18757:2627824:0626/092447.581345:INFO:CONSOLE:1] "[object DOMException]", source:  (1)
[18757:2627824:0626/092447.581392:INFO:CONSOLE:1] "[object DOMException]", source:  (1)
[18757:2627824:0626/092447.619962:VERBOSE1:ui/accessibility/ax_computed_node_data.cc:207] Only a single encoding of text content should be cached.
[18764:2627896:0626/092448.401928:VERBOSE1:net/base/network_delegate.cc:37] NetworkDelegate::NotifyBeforeURLRequest: https://play.google.com/log?hasfast=true&auth=SAPISIDHASH+b2764825db34a750fda93a40840b44ba2016b147+SAPISID1PHASH+b2764825db34a750fda93a40840b44ba2016b147+SAPISID3PHASH+b2764825db34a750fda93a40840b44ba2016b147&authuser=0&format=json
[18764:2627896:0626/092448.422174:VERBOSE1:net/third_party/quiche/src/quiche/quic/core/tls_handshaker.cc:105] TlsClient: Continuing handshake
[18764:2627896:0626/092448.422838:VERBOSE1:net/third_party/quiche/src/quiche/quic/core/tls_handshaker.cc:126] TlsClient: SSL_do_handshake returned when entering early data. After retry, rv=-1, SSL_in_early_data=1
[18764:2627896:0626/092448.488180:VERBOSE1:net/third_party/quiche/src/quiche/quic/core/tls_handshaker.cc:105] TlsClient: Continuing handshake
[18764:2627896:0626/092448.488516:VERBOSE1:net/third_party/quiche/src/quiche/quic/core/tls_handshaker.cc:105] TlsClient: Continuing handshake
[18764:2627893:0626/092448.586238:VERBOSE1:base/files/file_util_posix.cc:315] Cannot stat "/Users/aligunes/.sensei-chrome-profile/Default/Cache/Cache_Data/a5d3efbb238198be_0": No such file or directory (2)
[18764:2627893:0626/092448.586353:VERBOSE1:base/files/file_util_posix.cc:315] Cannot stat "/Users/aligunes/.sensei-chrome-profile/Default/Cache/Cache_Data/a5d3efbb238198be_1": No such file or directory (2)
[18764:2627893:0626/092448.586396:VERBOSE1:base/files/file_util_posix.cc:315] Cannot stat "/Users/aligunes/.sensei-chrome-profile/Default/Cache/Cache_Data/a5d3efbb238198be_s": No such file or directory (2)
[18764:2627896:0626/092448.586693:VERBOSE1:services/network/url_loader.cc:1390] Will sniff content for mime type: https://play.google.com/log?hasfast=true&auth=SAPISIDHASH+b2764825db34a750fda93a40840b44ba2016b147+SAPISID1PHASH+b2764825db34a750fda93a40840b44ba2016b147+SAPISID3PHASH+b2764825db34a750fda93a40840b44ba2016b147&authuser=0&format=json
[18764:2627896:0626/092506.881851:VERBOSE1:net/base/network_delegate.cc:37] NetworkDelegate::NotifyBeforeURLRequest: https://play.google.com/log?hasfast=true&auth=SAPISIDHASH+b2764825db34a750fda93a40840b44ba2016b147+SAPISID1PHASH+b2764825db34a750fda93a40840b44ba2016b147+SAPISID3PHASH+b2764825db34a750fda93a40840b44ba2016b147&authuser=0&format=json
[18764:2627893:0626/092506.974977:VERBOSE1:base/files/file_util_posix.cc:315] Cannot stat "/Users/aligunes/.sensei-chrome-profile/Default/Cache/Cache_Data/a5d3efbb238198be_0": No such file or directory (2)
[18764:2627893:0626/092506.975080:VERBOSE1:base/files/file_util_posix.cc:315] Cannot stat "/Users/aligunes/.sensei-chrome-profile/Default/Cache/Cache_Data/a5d3efbb238198be_1": No such file or directory (2)
[18764:2627893:0626/092506.975110:VERBOSE1:base/files/file_util_posix.cc:315] Cannot stat "/Users/aligunes/.sensei-chrome-profile/Default/Cache/Cache_Data/a5d3efbb238198be_s": No such file or directory (2)
[18764:2627896:0626/092506.975352:VERBOSE1:services/network/url_loader.cc:1390] Will sniff content for mime type: https://play.google.com/log?hasfast=true&auth=SAPISIDHASH+b2764825db34a750fda93a40840b44ba2016b147+SAPISID1PHASH+b2764825db34a750fda93a40840b44ba2016b147+SAPISID3PHASH+b2764825db34a750fda93a40840b44ba2016b147&authuser=0&format=json
[18764:2627896:0626/092512.882352:VERBOSE1:net/base/network_delegate.cc:37] NetworkDelegate::NotifyBeforeURLRequest: https://play.google.com/log?hasfast=true&auth=SAPISIDHASH+b2764825db34a750fda93a40840b44ba2016b147+SAPISID1PHASH+b2764825db34a750fda93a40840b44ba2016b147+SAPISID3PHASH+b2764825db34a750fda93a40840b44ba2016b147&authuser=0&format=json
[18764:2627893:0626/092512.976099:VERBOSE1:base/files/file_util_posix.cc:315] Cannot stat "/Users/aligunes/.sensei-chrome-profile/Default/Cache/Cache_Data/a5d3efbb238198be_0": No such file or directory (2)
[18764:2627893:0626/092512.976280:VERBOSE1:base/files/file_util_posix.cc:315] Cannot stat "/Users/aligunes/.sensei-chrome-profile/Default/Cache/Cache_Data/a5d3efbb238198be_1": No such file or directory (2)
[18764:2627893:0626/092512.976334:VERBOSE1:base/files/file_util_posix.cc:315] Cannot stat "/Users/aligunes/.sensei-chrome-profile/Default/Cache/Cache_Data/a5d3efbb238198be_s": No such file or directory (2)
[18764:2627896:0626/092512.976698:VERBOSE1:services/network/url_loader.cc:1390] Will sniff content for mime type: https://play.google.com/log?hasfast=true&auth=SAPISIDHASH+b2764825db34a750fda93a40840b44ba2016b147+SAPISID1PHASH+b2764825db34a750fda93a40840b44ba2016b147+SAPISID3PHASH+b2764825db34a750fda93a40840b44ba2016b147&authuser=0&format=json
[18764:2627896:0626/092535.525038:VERBOSE1:net/third_party/quiche/src/quiche/quic/core/tls_handshaker.cc:105] TlsClient: Continuing handshake
[18764:2627896:0626/092535.526116:VERBOSE1:net/third_party/quiche/src/quiche/quic/core/tls_handshaker.cc:126] TlsClient: SSL_do_handshake returned when entering early data. After retry, rv=-1, SSL_in_early_data=1
[18764:2627896:0626/092535.597211:VERBOSE1:net/third_party/quiche/src/quiche/quic/core/tls_handshaker.cc:105] TlsClient: Continuing handshake
[18764:2627896:0626/092535.597845:VERBOSE1:net/third_party/quiche/src/quiche/quic/core/tls_handshaker.cc:105] TlsClient: Continuing handshake
[18764:2627896:0626/092635.562084:VERBOSE1:net/third_party/quiche/src/quiche/quic/core/tls_handshaker.cc:105] TlsClient: Continuing handshake
[18764:2627896:0626/092635.562827:VERBOSE1:net/third_party/quiche/src/quiche/quic/core/tls_handshaker.cc:126] TlsClient: SSL_do_handshake returned when entering early data. After retry, rv=-1, SSL_in_early_data=1
[18764:2627896:0626/092635.626962:VERBOSE1:net/third_party/quiche/src/quiche/quic/core/tls_handshaker.cc:105] TlsClient: Continuing handshake
[18764:2627896:0626/092635.627304:VERBOSE1:net/third_party/quiche/src/quiche/quic/core/tls_handshaker.cc:105] TlsClient: Continuing handshake
